<?xml version="1.0" encoding="UTF-8"?>
<!-- Generated by org.testng.reporters.JUnitXMLReporter -->
<testsuite hostname="Daniel-PC" ignored="0" name="User_Course_Category_Entroll" tests="4" failures="4" timestamp="10 Apr 2019 03:27:20 GMT" time="0.102" errors="0">
  <testcase name="createUser" time="0.02" classname="moodle_tests.UserCrudTests">
    <failure type="java.lang.NullPointerException">
      <![CDATA[java.lang.NullPointerException
at moodle_tests.UserCrudTests.createUser(UserCrudTests.java:106)
... Removed 25 stack frames]]>
    </failure>
  </testcase> <!-- createUser -->
  <testcase name="deleteUser" time="0.004" classname="moodle_tests.UserCrudTests">
    <failure type="java.lang.NullPointerException">
      <![CDATA[java.lang.NullPointerException
at moodle_tests.UserCrudTests.deleteUser(UserCrudTests.java:235)
... Removed 25 stack frames]]>
    </failure>
  </testcase> <!-- deleteUser -->
  <testcase name="readUser" time="0.005" classname="moodle_tests.UserCrudTests">
    <failure type="java.lang.NullPointerException">
      <![CDATA[java.lang.NullPointerException
at moodle_tests.UserCrudTests.readUser(UserCrudTests.java:148)
... Removed 25 stack frames]]>
    </failure>
  </testcase> <!-- readUser -->
  <testcase name="updateUser" time="0.006" classname="moodle_tests.UserCrudTests">
    <failure type="java.lang.NullPointerException">
      <![CDATA[java.lang.NullPointerException
at moodle_tests.UserCrudTests.updateUser(UserCrudTests.java:192)
... Removed 25 stack frames]]>
    </failure>
  </testcase> <!-- updateUser -->
</testsuite> <!-- User_Course_Category_Entroll -->
