<?xml version="1.0" encoding="UTF-8"?>
<!-- Generated by org.testng.reporters.JUnitXMLReporter -->
<testsuite hostname="Daniel-PC" ignored="0" name="User_Course_Category_Enroll" tests="4" failures="1" timestamp="26 Apr 2019 01:28:10 GMT" time="0.15" errors="0">
  <testcase name="createUser" time="0.019" classname="moodle_tests.UserCrudTests">
    <failure type="java.lang.NullPointerException">
      <![CDATA[java.lang.NullPointerException
at moodle_tests.UserCrudTests.createUser(UserCrudTests.java:107)
... Removed 25 stack frames]]>
    </failure>
  </testcase> <!-- createUser -->
  <testcase name="readUser" time="0.0" classname="moodle_tests.UserCrudTests">
    <skipped/>
  </testcase> <!-- readUser -->
  <testcase name="updateUser" time="0.0" classname="moodle_tests.UserCrudTests">
    <skipped/>
  </testcase> <!-- updateUser -->
  <testcase name="deleteUser" time="0.0" classname="moodle_tests.UserCrudTests">
    <skipped/>
  </testcase> <!-- deleteUser -->
</testsuite> <!-- User_Course_Category_Enroll -->
