<?xml version="1.0" encoding="UTF-8"?>
<testng-results skipped="0" failed="1" ignored="0" total="1" passed="0">
  <reporter-output>
  </reporter-output>
  <suite name="Default suite" duration-ms="10827" started-at="2019-04-14T19:52:55Z" finished-at="2019-04-14T19:53:06Z">
    <groups>
    </groups>
    <test name="Default test" duration-ms="10827" started-at="2019-04-14T19:52:55Z" finished-at="2019-04-14T19:53:06Z">
      <class name="moodle_test_prototypes.ProceduralUserCrudTest">
        <test-method status="PASS" signature="setUp()[pri:0, instance:moodle_test_prototypes.ProceduralUserCrudTest@5b799640]" name="setUp" is-config="true" duration-ms="15" started-at="2019-04-14T19:52:55Z" finished-at="2019-04-14T19:52:55Z">
          <reporter-output>
          </reporter-output>
        </test-method> <!-- setUp -->
        <test-method status="PASS" signature="setUpBeforeClass()[pri:0, instance:moodle_test_prototypes.ProceduralUserCrudTest@5b799640]" name="setUpBeforeClass" is-config="true" duration-ms="5495" started-at="2019-04-14T19:52:56Z" finished-at="2019-04-14T19:53:01Z">
          <reporter-output>
          </reporter-output>
        </test-method> <!-- setUpBeforeClass -->
        <test-method status="FAIL" signature="test()[pri:0, instance:moodle_test_prototypes.ProceduralUserCrudTest@5b799640]" name="test" duration-ms="13" started-at="2019-04-14T19:53:01Z" finished-at="2019-04-14T19:53:01Z">
          <exception class="java.lang.Error">
            <message>
              <![CDATA[Unresolved compilation problems: 
l cannot be resolved to a type
Syntax error on token ".", ; expected
The method LinkText(WebDriver, String) is undefined for the type ProceduralUserCrudTest
]]>
            </message>
            <full-stacktrace>
              <![CDATA[java.lang.Error: Unresolved compilation problems: 
l cannot be resolved to a type
Syntax error on token ".", ; expected
The method LinkText(WebDriver, String) is undefined for the type ProceduralUserCrudTest

at moodle_test_prototypes.ProceduralUserCrudTest.test(ProceduralUserCrudTest.java:112)
at sun.reflect.NativeMethodAccessorImpl.invoke0(Native Method)
at sun.reflect.NativeMethodAccessorImpl.invoke(NativeMethodAccessorImpl.java:62)
at sun.reflect.DelegatingMethodAccessorImpl.invoke(DelegatingMethodAccessorImpl.java:43)
at java.lang.reflect.Method.invoke(Method.java:498)
at org.testng.internal.MethodInvocationHelper.invokeMethod(MethodInvocationHelper.java:124)
at org.testng.internal.Invoker.invokeMethod(Invoker.java:583)
at org.testng.internal.Invoker.invokeTestMethod(Invoker.java:719)
at org.testng.internal.Invoker.invokeTestMethods(Invoker.java:989)
at org.testng.internal.TestMethodWorker.invokeTestMethods(TestMethodWorker.java:125)
at org.testng.internal.TestMethodWorker.run(TestMethodWorker.java:109)
at org.testng.TestRunner.privateRun(TestRunner.java:648)
at org.testng.TestRunner.run(TestRunner.java:505)
at org.testng.SuiteRunner.runTest(SuiteRunner.java:455)
at org.testng.SuiteRunner.runSequentially(SuiteRunner.java:450)
at org.testng.SuiteRunner.privateRun(SuiteRunner.java:415)
at org.testng.SuiteRunner.run(SuiteRunner.java:364)
at org.testng.SuiteRunnerWorker.runSuite(SuiteRunnerWorker.java:52)
at org.testng.SuiteRunnerWorker.run(SuiteRunnerWorker.java:84)
at org.testng.TestNG.runSuitesSequentially(TestNG.java:1208)
at org.testng.TestNG.runSuitesLocally(TestNG.java:1137)
at org.testng.TestNG.runSuites(TestNG.java:1049)
at org.testng.TestNG.run(TestNG.java:1017)
at org.testng.remote.AbstractRemoteTestNG.run(AbstractRemoteTestNG.java:115)
at org.testng.remote.RemoteTestNG.initAndRun(RemoteTestNG.java:251)
at org.testng.remote.RemoteTestNG.main(RemoteTestNG.java:77)
]]>
            </full-stacktrace>
          </exception> <!-- java.lang.Error -->
          <reporter-output>
          </reporter-output>
        </test-method> <!-- test -->
        <test-method status="PASS" signature="tearDownAfterClass()[pri:0, instance:moodle_test_prototypes.ProceduralUserCrudTest@5b799640]" name="tearDownAfterClass" is-config="true" duration-ms="5247" started-at="2019-04-14T19:53:01Z" finished-at="2019-04-14T19:53:06Z">
          <reporter-output>
          </reporter-output>
        </test-method> <!-- tearDownAfterClass -->
        <test-method status="PASS" signature="tearDown()[pri:0, instance:moodle_test_prototypes.ProceduralUserCrudTest@5b799640]" name="tearDown" is-config="true" duration-ms="0" started-at="2019-04-14T19:53:06Z" finished-at="2019-04-14T19:53:06Z">
          <reporter-output>
          </reporter-output>
        </test-method> <!-- tearDown -->
      </class> <!-- moodle_test_prototypes.ProceduralUserCrudTest -->
    </test> <!-- Default test -->
  </suite> <!-- Default suite -->
</testng-results>
