<?xml version="1.0" encoding="UTF-8"?>
<!-- Generated by org.testng.reporters.JUnitXMLReporter -->
<testsuite hostname="Daniel-PC" ignored="0" name="Default test" tests="4" failures="0" timestamp="26 Apr 2019 00:58:08 GMT" time="44.308" errors="0">
  <testcase name="createUser" time="11.629" classname="moodle_tests.UserCrudTests"/>
  <testcase name="readUser" time="13.273" classname="moodle_tests.UserCrudTests"/>
  <testcase name="updateUser" time="10.823" classname="moodle_tests.UserCrudTests"/>
  <testcase name="deleteUser" time="8.519" classname="moodle_tests.UserCrudTests"/>
</testsuite> <!-- Default test -->
